The target system is: Generic - 3.5.99 - arm
The host system is: Darwin - 23.1.0 - arm64
Compiling the C compiler identification source file "CMakeCCompilerId.c" succeeded.
Compiler: /opt/nordic/ncs/toolchains/580e4ef81c/opt/zephyr-sdk/arm-zephyr-eabi/bin/arm-zephyr-eabi-gcc 
Build flags: 
Id flags: -c 

The output was:
0


Compilation of the C compiler identification source "CMakeCCompilerId.c" produced "CMakeCCompilerId.o"

The C compiler identification is GNU, found in "/Users/tomaitagaki/Documents/GitHub/millimobile-firmware/build/hci_ipc/CMakeFiles/3.21.0/CompilerIdC/CMakeCCompilerId.o"

Compiling the CXX compiler identification source file "CMakeCXXCompilerId.cpp" succeeded.
Compiler: /opt/nordic/ncs/toolchains/580e4ef81c/opt/zephyr-sdk/arm-zephyr-eabi/bin/arm-zephyr-eabi-g++ 
Build flags: 
Id flags: -c 

The output was:
0


Compilation of the CXX compiler identification source "CMakeCXXCompilerId.cpp" produced "CMakeCXXCompilerId.o"

The CXX compiler identification is GNU, found in "/Users/tomaitagaki/Documents/GitHub/millimobile-firmware/build/hci_ipc/CMakeFiles/3.21.0/CompilerIdCXX/CMakeCXXCompilerId.o"

Checking whether the ASM compiler is GNU using "--version" matched "(GNU assembler)|(GCC)|(Free Software Foundation)":
arm-zephyr-eabi-gcc (Zephyr SDK 0.16.5) 12.2.0
Copyright (C) 2022 Free Software Foundation, Inc.
This is free software; see the source for copying conditions.  There is NO
warranty; not even for MERCHANTABILITY or FITNESS FOR A PARTICULAR PURPOSE.

Performing C SOURCE FILE Test check_C__nostartfiles__nostdlib__isystem___opt_nordic_ncs_toolchains_580e4ef81c_opt_zephyr_sdk_arm_zephyr_eabi_bin____lib_gcc_arm_zephyr_eabi_12_2_0_include___isystem___opt_nordic_ncs_toolchains_580e4ef81c_opt_zephyr_sdk_arm_zephyr_eabi_bin____lib_gcc_arm_zephyr_eabi_12_2_0_include_fixed___Wl___unresolved_symbols_ignore_in_object_files__Wl___entry_0__mcpu_cortex_m33_nodsp__mthumb__mabi_aapcs__mfp16_format_ieee__mtp_soft succeeded with the following output:
Change Dir: /Users/tomaitagaki/Documents/GitHub/millimobile-firmware/build/hci_ipc/CMakeFiles/CMakeTmp

Run Build Command(s):/opt/nordic/ncs/toolchains/580e4ef81c/bin/ninja cmTC_371b3 && [1/2] Building C object CMakeFiles/cmTC_371b3.dir/src.c.obj
[2/2] Linking C executable cmTC_371b3


Source file was:
int main(void) { return 0; }
Performing C SOURCE FILE Test check_fmacro_prefix_map__opt_nordic_ncs_v2_6_0_zephyr_samples_bluetooth_hci_ipc_CMAKE_SOURCE_DIR_C__nostartfiles__nostdlib__isystem___opt_nordic_ncs_toolchains_580e4ef81c_opt_zephyr_sdk_arm_zephyr_eabi_bin____lib_gcc_arm_zephyr_eabi_12_2_0_include___isystem___opt_nordic_ncs_toolchains_580e4ef81c_opt_zephyr_sdk_arm_zephyr_eabi_bin____lib_gcc_arm_zephyr_eabi_12_2_0_include_fixed___Wl___unresolved_symbols_ignore_in_object_files__Wl___entry_0 succeeded with the following output:
Change Dir: /Users/tomaitagaki/Documents/GitHub/millimobile-firmware/build/hci_ipc/CMakeFiles/CMakeTmp

Run Build Command(s):/opt/nordic/ncs/toolchains/580e4ef81c/bin/ninja cmTC_dad8d && [1/2] Building C object CMakeFiles/cmTC_dad8d.dir/src.c.obj
[2/2] Linking C executable cmTC_dad8d


Source file was:
int main(void) { return 0; }
Determining if files stdatomic.h exist passed with the following output:
Change Dir: /Users/tomaitagaki/Documents/GitHub/millimobile-firmware/build/hci_ipc/CMakeFiles/CMakeTmp

Run Build Command(s):/opt/nordic/ncs/toolchains/580e4ef81c/bin/ninja cmTC_9db98 && [1/2] Building C object CMakeFiles/cmTC_9db98.dir/HAVE_STDATOMIC_H.c.obj
[2/2] Linking C executable cmTC_9db98
arm-zephyr-eabi-gcc: warning: CMakeFiles/cmTC_9db98.dir/HAVE_STDATOMIC_H.c.obj: linker input file unused because linking not done



Determining if files fcntl.h exist passed with the following output:
Change Dir: /Users/tomaitagaki/Documents/GitHub/millimobile-firmware/build/hci_ipc/CMakeFiles/CMakeTmp

Run Build Command(s):/opt/nordic/ncs/toolchains/580e4ef81c/bin/ninja cmTC_d0f3a && [1/2] Building C object CMakeFiles/cmTC_d0f3a.dir/HAVE_FCNTL_H.c.obj
[2/2] Linking C executable cmTC_d0f3a
arm-zephyr-eabi-gcc: warning: CMakeFiles/cmTC_d0f3a.dir/HAVE_FCNTL_H.c.obj: linker input file unused because linking not done



